Using pre-set license
Built from '2021.3/staging' branch; Version is '2021.3.9f1 (ad3870b89536) revision 11352176'; Using compiler version '192829333'; Build Type 'Release'
OS: 'Windows 10  (10.0.19044) 64bit CoreSingleLanguage' Language: 'en' Physical Memory: 32605 MB
BatchMode: 1, IsHumanControllingUs: 0, StartBugReporterOnCrash: 0, Is64bit: 1, IsPro: 1

COMMAND LINE ARGUMENTS:
C:\Program Files\Unity\Hub\Editor\2021.3.9f1\Editor\Unity.exe
-adb2
-batchMode
-noUpm
-name
AssetImportWorker0
-projectPath
C:/Users/leago/Documents/GitHub/GADE7222_POE/GADE7222_POE_2022
-logFile
Logs/AssetImportWorker0.log
-srvPort
61006
Successfully changed project path to: C:/Users/leago/Documents/GitHub/GADE7222_POE/GADE7222_POE_2022
C:/Users/leago/Documents/GitHub/GADE7222_POE/GADE7222_POE_2022
[UnityMemory] Configuration Parameters - Can be set up in boot.config
    "memorysetup-bucket-allocator-granularity=16"
    "memorysetup-bucket-allocator-bucket-count=8"
    "memorysetup-bucket-allocator-block-size=33554432"
    "memorysetup-bucket-allocator-block-count=8"
    "memorysetup-main-allocator-block-size=16777216"
    "memorysetup-thread-allocator-block-size=16777216"
    "memorysetup-gfx-main-allocator-block-size=16777216"
    "memorysetup-gfx-thread-allocator-block-size=16777216"
    "memorysetup-cache-allocator-block-size=4194304"
    "memorysetup-typetree-allocator-block-size=2097152"
    "memorysetup-profiler-bucket-allocator-granularity=16"
    "memorysetup-profiler-bucket-allocator-bucket-count=8"
    "memorysetup-profiler-bucket-allocator-block-size=33554432"
    "memorysetup-profiler-bucket-allocator-block-count=8"
    "memorysetup-profiler-allocator-block-size=16777216"
    "memorysetup-profiler-editor-allocator-block-size=1048576"
    "memorysetup-temp-allocator-size-main=16777216"
    "memorysetup-job-temp-allocator-block-size=2097152"
    "memorysetup-job-temp-allocator-block-size-background=1048576"
    "memorysetup-job-temp-allocator-reduction-small-platforms=262144"
    "memorysetup-temp-allocator-size-background-worker=32768"
    "memorysetup-temp-allocator-size-job-worker=262144"
    "memorysetup-temp-allocator-size-preload-manager=33554432"
    "memorysetup-temp-allocator-size-nav-mesh-worker=65536"
    "memorysetup-temp-allocator-size-audio-worker=65536"
    "memorysetup-temp-allocator-size-cloud-worker=32768"
    "memorysetup-temp-allocator-size-gi-baking-worker=262144"
    "memorysetup-temp-allocator-size-gfx=262144"
Refreshing native plugins compatible for Editor in 99.23 ms, found 3 plugins.
Preloading 0 native plugins for Editor in 0.00 ms.
Initialize engine version: 2021.3.9f1 (ad3870b89536)
[Subsystems] Discovering subsystems at path C:/Program Files/Unity/Hub/Editor/2021.3.9f1/Editor/Data/Resources/UnitySubsystems
[Subsystems] Discovering subsystems at path C:/Users/leago/Documents/GitHub/GADE7222_POE/GADE7222_POE_2022/Assets
GfxDevice: creating device client; threaded=0; jobified=0
Direct3D:
    Version:  Direct3D 11.0 [level 11.1]
    Renderer: NVIDIA GeForce GTX 1650 (ID=0x1f91)
    Vendor:   NVIDIA
    VRAM:     3962 MB
    Driver:   27.21.14.5167
Initialize mono
Mono path[0] = 'C:/Program Files/Unity/Hub/Editor/2021.3.9f1/Editor/Data/Managed'
Mono path[1] = 'C:/Program Files/Unity/Hub/Editor/2021.3.9f1/Editor/Data/MonoBleedingEdge/lib/mono/unityjit-win32'
Mono config path = 'C:/Program Files/Unity/Hub/Editor/2021.3.9f1/Editor/Data/MonoBleedingEdge/etc'
Using monoOptions --debugger-agent=transport=dt_socket,embedding=1,server=y,suspend=n,address=127.0.0.1:56660
Begin MonoManager ReloadAssembly
Registering precompiled unity dll's ...
Register platform support module: C:/Program Files/Unity/Hub/Editor/2021.3.9f1/Editor/Data/PlaybackEngines/WindowsStandaloneSupport/UnityEditor.WindowsStandalone.Extensions.dll
Registered in 0.011793 seconds.
Native extension for WindowsStandalone target not found
Refreshing native plugins compatible for Editor in 96.80 ms, found 3 plugins.
Preloading 0 native plugins for Editor in 0.00 ms.
Mono: successfully reloaded assembly
- Completed reload, in  0.801 seconds
Domain Reload Profiling:
	ReloadAssembly (802ms)
		BeginReloadAssembly (100ms)
			ExecutionOrderSort (0ms)
			DisableScriptedObjects (0ms)
			BackupInstance (0ms)
			ReleaseScriptingObjects (0ms)
			CreateAndSetChildDomain (1ms)
		EndReloadAssembly (556ms)
			LoadAssemblies (96ms)
			RebuildTransferFunctionScriptingTraits (0ms)
			SetupTypeCache (130ms)
			ReleaseScriptCaches (0ms)
			RebuildScriptCaches (37ms)
			SetupLoadedEditorAssemblies (323ms)
				LogAssemblyErrors (0ms)
				InitializePlatformSupportModulesInManaged (10ms)
				SetLoadedEditorAssemblies (0ms)
				RefreshPlugins (97ms)
				BeforeProcessingInitializeOnLoad (1ms)
				ProcessInitializeOnLoadAttributes (155ms)
				ProcessInitializeOnLoadMethodAttributes (59ms)
				AfterProcessingInitializeOnLoad (0ms)
				EditorAssembliesLoaded (0ms)
			ExecutionOrderSort2 (0ms)
			AwakeInstancesAfterBackupRestoration (0ms)
Platform modules already initialized, skipping
Registering precompiled user dll's ...
Registered in 0.009083 seconds.
Begin MonoManager ReloadAssembly
Symbol file LoadedFromMemory doesn't match image C:\Users\leago\Documents\GitHub\GADE7222_POE\GADE7222_POE_2022\Library\PackageCache\com.unity.visualscripting@1.7.8\Editor\VisualScripting.Core\Dependencies\YamlDotNet\Unity.VisualScripting.YamlDotNet.dll
Symbol file LoadedFromMemory doesn't match image C:\Users\leago\Documents\GitHub\GADE7222_POE\GADE7222_POE_2022\Library\PackageCache\com.unity.visualscripting@1.7.8\Editor\VisualScripting.Core\Dependencies\DotNetZip\Unity.VisualScripting.IonicZip.dll
Native extension for WindowsStandalone target not found
Refreshing native plugins compatible for Editor in 0.67 ms, found 3 plugins.
Preloading 0 native plugins for Editor in 0.00 ms.
Mono: successfully reloaded assembly
- Completed reload, in  1.317 seconds
Domain Reload Profiling:
	ReloadAssembly (1318ms)
		BeginReloadAssembly (144ms)
			ExecutionOrderSort (0ms)
			DisableScriptedObjects (7ms)
			BackupInstance (0ms)
			ReleaseScriptingObjects (0ms)
			CreateAndSetChildDomain (24ms)
		EndReloadAssembly (1017ms)
			LoadAssemblies (105ms)
			RebuildTransferFunctionScriptingTraits (0ms)
			SetupTypeCache (343ms)
			ReleaseScriptCaches (1ms)
			RebuildScriptCaches (61ms)
			SetupLoadedEditorAssemblies (464ms)
				LogAssemblyErrors (0ms)
				InitializePlatformSupportModulesInManaged (8ms)
				SetLoadedEditorAssemblies (1ms)
				RefreshPlugins (1ms)
				BeforeProcessingInitializeOnLoad (117ms)
				ProcessInitializeOnLoadAttributes (290ms)
				ProcessInitializeOnLoadMethodAttributes (35ms)
				AfterProcessingInitializeOnLoad (12ms)
				EditorAssembliesLoaded (0ms)
			ExecutionOrderSort2 (0ms)
			AwakeInstancesAfterBackupRestoration (9ms)
Platform modules already initialized, skipping
========================================================================
Worker process is ready to serve import requests
Launched and connected shader compiler UnityShaderCompiler.exe after 0.05 seconds
Refreshing native plugins compatible for Editor in 0.67 ms, found 3 plugins.
Preloading 0 native plugins for Editor in 0.00 ms.
Unloading 3380 Unused Serialized files (Serialized files now loaded: 0)
Unloading 27 unused Assets / (111.3 KB). Loaded Objects now: 3837.
Memory consumption went from 116.2 MB to 116.1 MB.
Total: 4.233200 ms (FindLiveObjects: 0.288400 ms CreateObjectMapping: 0.187100 ms MarkObjects: 3.645500 ms  DeleteObjects: 0.111300 ms)

AssetImportParameters requested are different than current active one (requested -> active):
  custom:video-decoder-ogg-theora: a1e56fd34408186e4bbccfd4996cb3dc -> 
  custom:container-muxer-webm: aa71ff27fc2769a1b78a27578f13a17b -> 
  custom:container-demuxer-webm: 4f35f7cbe854078d1ac9338744f61a02 -> 
  custom:video-encoder-webm-vp8: eb34c28f22e8b96e1ab97ce403110664 -> 
  custom:audio-encoder-webm-vorbis: bf7c407c2cedff20999df2af8eb42d56 -> 
  custom:framework-win-MediaFoundation: 216162199b28c13a410421893ffa2e32 -> 
  custom:container-demuxer-ogg: 62fdf1f143b41e24485cea50d1cbac27 -> 
  custom:video-decoder-webm-vp8: 9c59270c3fd7afecdb556c50c9e8de78 -> 
  custom:audio-decoder-ogg-vorbis: bf7c407c2cedff20999df2af8eb42d56 -> 
========================================================================
Received Import Request.
  Time since last request: 10905.996725 seconds.
  path: Assets/Scenes/SampleScene.unity
  artifactKey: Guid(9fc0d4010bbf28b4594072e72b8655ab) Importer(815301076,1909f56bfc062723c751e8b465ee728b)
Start importing Assets/Scenes/SampleScene.unity using Guid(9fc0d4010bbf28b4594072e72b8655ab) Importer(815301076,1909f56bfc062723c751e8b465ee728b)  -> (artifact id: '8f2dbbc1cedfd0107ca1ad38e8220053') in 0.022149 seconds 
========================================================================
Received Import Request.
  Time since last request: 25.214983 seconds.
  path: Assets/Assets
  artifactKey: Guid(d9d7293e083e9524a92e09e33f747179) Importer(815301076,1909f56bfc062723c751e8b465ee728b)
Start importing Assets/Assets using Guid(d9d7293e083e9524a92e09e33f747179) Importer(815301076,1909f56bfc062723c751e8b465ee728b)  -> (artifact id: '8ba3f0bfa062a841dcb5a3c84915c68a') in 0.002045 seconds 
========================================================================
Received Import Request.
  Time since last request: 10.503474 seconds.
  path: Assets/materials
  artifactKey: Guid(eea85ff9b1250934596371a51329616a) Importer(815301076,1909f56bfc062723c751e8b465ee728b)
Start importing Assets/materials using Guid(eea85ff9b1250934596371a51329616a) Importer(815301076,1909f56bfc062723c751e8b465ee728b)  -> (artifact id: '950d5808b173dccaff95a56617bacbc0') in 0.002148 seconds 
========================================================================
Received Import Request.
  Time since last request: 15.069444 seconds.
  path: Assets/prehabs
  artifactKey: Guid(13a67d730c27d914b9dc01bd04ce49dc) Importer(815301076,1909f56bfc062723c751e8b465ee728b)
Start importing Assets/prehabs using Guid(13a67d730c27d914b9dc01bd04ce49dc) Importer(815301076,1909f56bfc062723c751e8b465ee728b)  -> (artifact id: '5b1a49be26eaf30904c57e84ee910340') in 0.001813 seconds 
========================================================================
Received Import Request.
  Time since last request: 56.755967 seconds.
  path: Assets/New Terrain.asset
  artifactKey: Guid(a57359f4b3f99e3409d3f2e920cc679f) Importer(815301076,1909f56bfc062723c751e8b465ee728b)
Start importing Assets/New Terrain.asset using Guid(a57359f4b3f99e3409d3f2e920cc679f) Importer(815301076,1909f56bfc062723c751e8b465ee728b)  -> (artifact id: 'a0ddce59e19153b803cbe7ac0d79a44a') in 0.045423 seconds 
========================================================================
Received Import Request.
  Time since last request: 160.746603 seconds.
  path: Assets/Assets/ebd82523-cc01-47fb-b7e3-db06b3b5ddcf.jpg
  artifactKey: Guid(8842d1aae1151464aa9c38e9641d4312) Importer(815301076,1909f56bfc062723c751e8b465ee728b)
Start importing Assets/Assets/ebd82523-cc01-47fb-b7e3-db06b3b5ddcf.jpg using Guid(8842d1aae1151464aa9c38e9641d4312) Importer(815301076,1909f56bfc062723c751e8b465ee728b)  -> (artifact id: '428e31bf62e456b1076c0aec852dd6ff') in 0.092841 seconds 
========================================================================
Received Import Request.
  Time since last request: 2.004888 seconds.
  path: Assets/Assets/b9c1c5890db3e7c91c75dd1903e73f8a.jpg
  artifactKey: Guid(d9c5fd61d58eacb4bb4a6c0ddd872547) Importer(815301076,1909f56bfc062723c751e8b465ee728b)
Start importing Assets/Assets/b9c1c5890db3e7c91c75dd1903e73f8a.jpg using Guid(d9c5fd61d58eacb4bb4a6c0ddd872547) Importer(815301076,1909f56bfc062723c751e8b465ee728b)  -> (artifact id: 'dadfa9c07704f798e043edeea524afd9') in 0.021151 seconds 
========================================================================
Received Import Request.
  Time since last request: 1.199677 seconds.
  path: Assets/Assets/black-road-texture_1160-806.jpg
  artifactKey: Guid(c80a109a4020649448c0360e068446e0) Importer(815301076,1909f56bfc062723c751e8b465ee728b)
Start importing Assets/Assets/black-road-texture_1160-806.jpg using Guid(c80a109a4020649448c0360e068446e0) Importer(815301076,1909f56bfc062723c751e8b465ee728b)  -> (artifact id: '896f9ea41ce4eee90eccd02493fe3465') in 0.010016 seconds 
========================================================================
Received Import Request.
  Time since last request: 29.807011 seconds.
  path: Assets/Assets/b9c1c5890db3e7c91c75dd1903e73f8a.jpg
  artifactKey: Guid(d9c5fd61d58eacb4bb4a6c0ddd872547) Importer(815301076,1909f56bfc062723c751e8b465ee728b)
Start importing Assets/Assets/b9c1c5890db3e7c91c75dd1903e73f8a.jpg using Guid(d9c5fd61d58eacb4bb4a6c0ddd872547) Importer(815301076,1909f56bfc062723c751e8b465ee728b)  -> (artifact id: 'abff4d5901d85af2883b1f60913e6d17') in 0.081570 seconds 
========================================================================
Received Import Request.
  Time since last request: 45.051237 seconds.
  path: Assets/Assets/b9c1c5890db3e7c91c75dd1903e73f8a 1.jpg
  artifactKey: Guid(d40856ceeec6fd1459dda93011b763b7) Importer(815301076,1909f56bfc062723c751e8b465ee728b)
Start importing Assets/Assets/b9c1c5890db3e7c91c75dd1903e73f8a 1.jpg using Guid(d40856ceeec6fd1459dda93011b763b7) Importer(815301076,1909f56bfc062723c751e8b465ee728b)  -> (artifact id: '3b4d62bdbb7e88acbe25abd66a75e93d') in 0.009703 seconds 
========================================================================
Received Import Request.
  Time since last request: 0.021237 seconds.
  path: Assets/Assets/NewLayer 1.terrainlayer
  artifactKey: Guid(ced0b3240d9e06f49abb71268810b6f7) Importer(815301076,1909f56bfc062723c751e8b465ee728b)
Start importing Assets/Assets/NewLayer 1.terrainlayer using Guid(ced0b3240d9e06f49abb71268810b6f7) Importer(815301076,1909f56bfc062723c751e8b465ee728b)  -> (artifact id: '1f8f7b6c576e18efbb0950709e71dfdc') in 0.049351 seconds 
========================================================================
Received Import Request.
  Time since last request: 9.127252 seconds.
  path: Assets/Assets/sand.jpg
  artifactKey: Guid(d40856ceeec6fd1459dda93011b763b7) Importer(815301076,1909f56bfc062723c751e8b465ee728b)
Start importing Assets/Assets/sand.jpg using Guid(d40856ceeec6fd1459dda93011b763b7) Importer(815301076,1909f56bfc062723c751e8b465ee728b)  -> (artifact id: '1f7f4ebe1b79b96a54d0ebd8dc640b8f') in 0.009959 seconds 
========================================================================
Received Import Request.
  Time since last request: 7.207625 seconds.
  path: Assets/Assets/sand.jpg
  artifactKey: Guid(d40856ceeec6fd1459dda93011b763b7) Importer(815301076,1909f56bfc062723c751e8b465ee728b)
Start importing Assets/Assets/sand.jpg using Guid(d40856ceeec6fd1459dda93011b763b7) Importer(815301076,1909f56bfc062723c751e8b465ee728b)  -> (artifact id: '06548587ad56f17e7d1075d7e21885a4') in 0.022751 seconds 
========================================================================
Received Import Request.
  Time since last request: 78.902289 seconds.
  path: Assets/New Terrain.asset
  artifactKey: Guid(a57359f4b3f99e3409d3f2e920cc679f) Importer(815301076,1909f56bfc062723c751e8b465ee728b)
Start importing Assets/New Terrain.asset using Guid(a57359f4b3f99e3409d3f2e920cc679f) Importer(815301076,1909f56bfc062723c751e8b465ee728b)  -> (artifact id: 'da8837299f5b4cdb573c4fff076f1abd') in 0.032943 seconds 
========================================================================
Received Import Request.
  Time since last request: 10.299136 seconds.
  path: Assets/Assets/black-road-texture_1160-806 1.jpg
  artifactKey: Guid(b8771d614334f204bae1b4a3949b7d02) Importer(815301076,1909f56bfc062723c751e8b465ee728b)
Start importing Assets/Assets/black-road-texture_1160-806 1.jpg using Guid(b8771d614334f204bae1b4a3949b7d02) Importer(815301076,1909f56bfc062723c751e8b465ee728b)  -> (artifact id: '4af927931737f0250bcc944484b5fb79') in 0.009502 seconds 
========================================================================
Received Import Request.
  Time since last request: 0.023137 seconds.
  path: Assets/Assets/NewLayer 2.terrainlayer
  artifactKey: Guid(c0acf80161126af40a71abac424e0560) Importer(815301076,1909f56bfc062723c751e8b465ee728b)
Start importing Assets/Assets/NewLayer 2.terrainlayer using Guid(c0acf80161126af40a71abac424e0560) Importer(815301076,1909f56bfc062723c751e8b465ee728b)  -> (artifact id: '897e050216ae7af6f6ead59b4e8cc423') in 0.012565 seconds 
========================================================================
Received Import Request.
  Time since last request: 7.434621 seconds.
  path: Assets/Assets/road.jpg
  artifactKey: Guid(b8771d614334f204bae1b4a3949b7d02) Importer(815301076,1909f56bfc062723c751e8b465ee728b)
Start importing Assets/Assets/road.jpg using Guid(b8771d614334f204bae1b4a3949b7d02) Importer(815301076,1909f56bfc062723c751e8b465ee728b)  -> (artifact id: '836474260b180ce59feaf8beb64a718a') in 0.009977 seconds 
========================================================================
Received Import Request.
  Time since last request: 6.608106 seconds.
  path: Assets/Assets/road.jpg
  artifactKey: Guid(b8771d614334f204bae1b4a3949b7d02) Importer(815301076,1909f56bfc062723c751e8b465ee728b)
Start importing Assets/Assets/road.jpg using Guid(b8771d614334f204bae1b4a3949b7d02) Importer(815301076,1909f56bfc062723c751e8b465ee728b)  -> (artifact id: '2f653c83999dcc8f489a7cf7968db6ed') in 0.011204 seconds 
========================================================================
Received Import Request.
  Time since last request: 148.052441 seconds.
  path: Assets/Assets/ebd82523-cc01-47fb-b7e3-db06b3b5ddcf 1.jpg
  artifactKey: Guid(71c0a7977b16ea942880d9d19b0b2e83) Importer(815301076,1909f56bfc062723c751e8b465ee728b)
Start importing Assets/Assets/ebd82523-cc01-47fb-b7e3-db06b3b5ddcf 1.jpg using Guid(71c0a7977b16ea942880d9d19b0b2e83) Importer(815301076,1909f56bfc062723c751e8b465ee728b)  -> (artifact id: '097821b21d192fc92f916b478861ac4a') in 0.010502 seconds 
========================================================================
Received Import Request.
  Time since last request: 0.021364 seconds.
  path: Assets/Assets/NewLayer 2.terrainlayer
  artifactKey: Guid(c0acf80161126af40a71abac424e0560) Importer(815301076,1909f56bfc062723c751e8b465ee728b)
Start importing Assets/Assets/NewLayer 2.terrainlayer using Guid(c0acf80161126af40a71abac424e0560) Importer(815301076,1909f56bfc062723c751e8b465ee728b)  -> (artifact id: '4cbad09079e8ac9e83d303ed986e638a') in 0.018634 seconds 
========================================================================
Received Import Request.
  Time since last request: 10.707324 seconds.
  path: Assets/Assets/stone.jpg
  artifactKey: Guid(71c0a7977b16ea942880d9d19b0b2e83) Importer(815301076,1909f56bfc062723c751e8b465ee728b)
Start importing Assets/Assets/stone.jpg using Guid(71c0a7977b16ea942880d9d19b0b2e83) Importer(815301076,1909f56bfc062723c751e8b465ee728b)  -> (artifact id: 'eac3cedc717757c4115655774c13d7b8') in 0.010037 seconds 
========================================================================
Received Import Request.
  Time since last request: 5.640980 seconds.
  path: Assets/Assets/stone.jpg
  artifactKey: Guid(71c0a7977b16ea942880d9d19b0b2e83) Importer(815301076,1909f56bfc062723c751e8b465ee728b)
Start importing Assets/Assets/stone.jpg using Guid(71c0a7977b16ea942880d9d19b0b2e83) Importer(815301076,1909f56bfc062723c751e8b465ee728b)  -> (artifact id: '4e637c7bf5f05037af0e796b99573711') in 0.010700 seconds 
